<?xml version="1.0" encoding="UTF-8"?>
<!-- Generated by org.testng.reporters.JUnitReportReporter -->
<testsuite skipped="0" hostname="IN5CG6434YRX" name="SampleProjects.AutoSuggest" tests="1" failures="0" timestamp="20 Mar 2019 05:58:00 GMT" time="36.966" errors="0">
  <testcase name="selectValues" time="36.966" classname="SampleProjects.AutoSuggest"/>
</testsuite> <!-- SampleProjects.AutoSuggest -->
